@0no-co
@babel
@bcoe
@expo
@isaacs
@istanbuljs
@jest
@jridgewell
@radix-ui
@react-native
@react-navigation
@sinclair
@sinonjs
@tootallnate
@types
@ungap
@urql
@xmldom
abab
abort-controller
accepts
acorn
acorn-globals
acorn-walk
agent-base
anser
ansi-escapes
ansi-regex
ansi-styles
any-promise
anymatch
arg
argparse
aria-hidden
asap
async-limiter
asynckit
babel-jest
babel-plugin-istanbul
babel-plugin-jest-hoist
babel-plugin-polyfill-corejs2
babel-plugin-polyfill-corejs3
babel-plugin-polyfill-regenerator
babel-plugin-react-compiler
babel-plugin-react-native-web
babel-plugin-syntax-hermes-parser
babel-plugin-transform-flow-enums
babel-preset-current-node-syntax
babel-preset-expo
babel-preset-jest
balanced-match
base64-js
baseline-browser-mapping
better-opn
big-integer
bplist-creator
bplist-parser
brace-expansion
braces
browserslist
bser
buffer
buffer-from
bytes
call-bind-apply-helpers
callsites
camelcase
caniuse-lite
chalk
char-regex
chownr
chrome-launcher
chromium-edge-launcher
ci-info
cjs-module-lexer
cli-cursor
cli-spinners
client-only
cliui
clone
co
collect-v8-coverage
color
color-convert
color-name
color-string
combined-stream
commander
compressible
compression
concat-map
connect
convert-source-map
core-js-compat
create-jest
cross-spawn
crypto-random-string
cssom
cssstyle
csstype
data-urls
debug
decimal.js
decode-uri-component
dedent
deep-extend
deepmerge
defaults
define-lazy-prop
delayed-stream
depd
destroy
detect-libc
detect-newline
detect-node-es
diff-sequences
domexception
dotenv
dotenv-expand
dunder-proto
ee-first
electron-to-chromium
emittery
emoji-regex
encodeurl
entities
env-editor
error-ex
error-stack-parser
es-define-property
es-errors
es-object-atoms
es-set-tostringtag
escalade
escape-html
escape-string-regexp
escodegen
esprima
estraverse
esutils
etag
event-target-shim
exec-async
execa
exit
expect
expo
expo-asset
expo-constants
expo-file-system
expo-font
expo-keep-awake
expo-linking
expo-modules-autolinking
expo-modules-core
expo-router
expo-server
expo-splash-screen
expo-status-bar
exponential-backoff
fast-deep-equal
fast-json-stable-stringify
fb-watchman
fdir
fill-range
filter-obj
finalhandler
find-up
flow-enums-runtime
fontfaceobserver
form-data
freeport-async
fresh
fs.realpath
function-bind
gensync
get-caller-file
get-intrinsic
get-nonce
get-package-type
get-proto
get-stream
getenv
glob
global-dirs
gopd
graceful-fs
has-flag
has-symbols
has-tostringtag
hasown
hermes-estree
hermes-parser
hosted-git-info
html-encoding-sniffer
html-escaper
http-errors
http-proxy-agent
https-proxy-agent
human-signals
iconv-lite
ieee754
ignore
image-size
import-local
imurmurhash
inflight
inherits
ini
invariant
is-arrayish
is-core-module
is-docker
is-fullwidth-code-point
is-generator-fn
is-number
is-potential-custom-element-name
is-stream
is-wsl
isexe
istanbul-lib-coverage
istanbul-lib-instrument
istanbul-lib-report
istanbul-lib-source-maps
istanbul-reports
jest
jest-changed-files
jest-circus
jest-cli
jest-config
jest-diff
jest-docblock
jest-each
jest-environment-jsdom
jest-environment-node
jest-expo
jest-get-type
jest-haste-map
jest-leak-detector
jest-matcher-utils
jest-message-util
jest-mock
jest-pnp-resolver
jest-regex-util
jest-resolve
jest-resolve-dependencies
jest-runner
jest-runtime
jest-snapshot
jest-util
jest-validate
jest-watch-select-projects
jest-watch-typeahead
jest-watcher
jest-worker
jimp-compact
js-tokens
js-yaml
jsc-safe-url
jsdom
jsesc
json-parse-even-better-errors
json5
kleur
lan-network
leven
lighthouse-logger
lightningcss
lightningcss-win32-x64-msvc
lines-and-columns
locate-path
lodash
lodash.debounce
lodash.throttle
log-symbols
loose-envify
lru-cache
make-dir
makeerror
marky
math-intrinsics
memoize-one
merge-stream
metro
metro-babel-transformer
metro-cache
metro-cache-key
metro-config
metro-core
metro-file-map
metro-minify-terser
metro-resolver
metro-runtime
metro-source-map
metro-symbolicate
metro-transform-plugins
metro-transform-worker
micromatch
mime
mime-db
mime-types
mimic-fn
minimatch
minimist
minipass
minizlib
mkdirp
ms
mz
nanoid
natural-compare
negotiator
nested-error-stacks
node-forge
node-int64
node-releases
normalize-path
npm-package-arg
npm-run-path
nullthrows
nwsapi
ob1
object-assign
on-finished
on-headers
once
onetime
open
ora
p-limit
p-locate
p-try
parse-json
parse-png
parse5
parseurl
path-exists
path-is-absolute
path-key
path-parse
path-scurry
picocolors
picomatch
pirates
pkg-dir
plist
pngjs
postcss
pretty-bytes
pretty-format
proc-log
progress
promise
prompts
psl
punycode
pure-rand
qrcode-terminal
query-string
querystringify
queue
range-parser
rc
react
react-devtools-core
react-fast-compare
react-freeze
react-is
react-native
react-native-is-edge-to-edge
react-native-safe-area-context
react-native-screens
react-refresh
react-remove-scroll
react-remove-scroll-bar
react-style-singleton
react-test-renderer
regenerate
regenerate-unicode-properties
regenerator-runtime
regexpu-core
regjsgen
regjsparser
require-directory
require-from-string
requireg
requires-port
resolve
resolve-cwd
resolve-from
resolve-global
resolve-workspace-root
resolve.exports
restore-cursor
rimraf
safe-buffer
safer-buffer
sax
saxes
scheduler
semver
send
serialize-error
serve-static
server-only
setprototypeof
sf-symbols-typescript
shallowequal
shebang-command
shebang-regex
shell-quote
signal-exit
simple-plist
simple-swizzle
sisteransi
slash
slugify
source-map
source-map-js
source-map-support
split-on-first
sprintf-js
stack-generator
stack-utils
stackframe
stacktrace-gps
stacktrace-js
stacktrace-parser
statuses
stream-buffers
strict-uri-encode
string-length
string-width
strip-ansi
strip-bom
strip-final-newline
strip-json-comments
structured-headers
sucrase
supports-color
supports-hyperlinks
supports-preserve-symlinks-flag
symbol-tree
tar
temp-dir
terminal-link
terser
test-exclude
thenify
thenify-all
throat
tinyglobby
tmpl
to-regex-range
toidentifier
tough-cookie
tr46
ts-interface-checker
tslib
type-detect
type-fest
typescript
undici
undici-types
unicode-canonical-property-names-ecmascript
unicode-match-property-ecmascript
unicode-match-property-value-ecmascript
unicode-property-aliases-ecmascript
unique-string
universalify
unpipe
update-browserslist-db
url-parse
use-callback-ref
use-latest-callback
use-sidecar
use-sync-external-store
utils-merge
uuid
v8-to-istanbul
validate-npm-package-name
vary
vaul
vlq
w3c-xmlserializer
walker
warn-once
wcwidth
webidl-conversions
whatwg-encoding
whatwg-fetch
whatwg-mimetype
whatwg-url
whatwg-url-without-unicode
which
wonka
wrap-ansi
wrappy
write-file-atomic
ws
xcode
xml-name-validator
xml2js
xmlbuilder
xmlchars
y18n
yallist
yaml
yargs
yargs-parser
yocto-queue
exit: 0
